<?xml version="1.0" encoding="UTF-8"?>
<!-- Generated by org.testng.reporters.JUnitXMLReporter -->
<testsuite ignored="0" hostname="DESKTOP-N2D2BNA" failures="0" tests="8" name="Test" time="135.869" errors="0" timestamp="2026-09-18T13:47:54 IST">
  <testcase classname="testCases.AccountRegisteration" name="registeration" time="9.774"/>
  <testcase classname="testCases.MyLoginTest" name="veryLogin" time="6.287"/>
  <testcase classname="testCases.LoginDataDrivenTest" name="loginwithMultipledata" time="11.821"/>
  <testcase classname="testCases.LoginDataDrivenTest" name="loginwithMultipledata" time="12.986"/>
  <testcase classname="testCases.LoginDataDrivenTest" name="loginwithMultipledata" time="12.495"/>
  <testcase classname="testCases.LoginDataDrivenTest" name="loginwithMultipledata" time="4.784"/>
  <testcase classname="testCases.LoginDataDrivenTest" name="loginwithMultipledata" time="11.838"/>
  <testcase classname="testCases.LoginDataDrivenTest" name="loginwithMultipledata" time="12.389"/>
</testsuite> <!-- Test -->
