<?xml version="1.0" encoding="UTF-8"?>
<!-- Generated by org.testng.reporters.JUnitXMLReporter -->
<testsuite ignored="0" hostname="DESKTOP-N2D2BNA" failures="0" tests="8" name="Test" time="108.076" errors="0" timestamp="2026-09-18T20:43:40 IST">
  <testcase classname="testCases.AccountRegisteration" name="registeration" time="6.13"/>
  <testcase classname="testCases.MyLoginTest" name="veryLogin" time="2.176"/>
  <testcase classname="testCases.LoginDataDrivenTest" name="loginwithMultipledata" time="11.832"/>
  <testcase classname="testCases.LoginDataDrivenTest" name="loginwithMultipledata" time="11.908"/>
  <testcase classname="testCases.LoginDataDrivenTest" name="loginwithMultipledata" time="10.971"/>
  <testcase classname="testCases.LoginDataDrivenTest" name="loginwithMultipledata" time="2.519"/>
  <testcase classname="testCases.LoginDataDrivenTest" name="loginwithMultipledata" time="10.945"/>
  <testcase classname="testCases.LoginDataDrivenTest" name="loginwithMultipledata" time="11.132"/>
</testsuite> <!-- Test -->
