<?xml version="1.0" encoding="UTF-8"?>
<!-- Generated by org.testng.reporters.JUnitXMLReporter -->
<testsuite ignored="0" hostname="DESKTOP-N2D2BNA" failures="1" tests="8" name="Test" time="82.897" errors="0" timestamp="2026-08-05T19:15:05 IST">
  <testcase classname="testCases.AccountRegisteration" name="registeration" time="12.267">
    <failure type="java.lang.AssertionError" message="Account is not Created or Success Message does not match expected [Your Account Has Been Created!] but found [no such element: Unable to locate element: {&amp;quot;method&amp;quot;:&amp;quot;xpath&amp;quot;,&amp;quot;selector&amp;quot;:&amp;quot;//div[@id=&amp;apos;content&amp;apos;]/*[normalize-space()=&amp;apos;Your Account Has Been Created!&amp;apos;]&amp;quot;}
  (Session info: chrome=151.0.7922.75)
For documentation on this error, please visit: https://www.selenium.dev/documentation/webdriver/troubleshooting/errors#nosuchelementexception
Build info: version: &amp;apos;4.43.0&amp;apos;, revision: &amp;apos;dd0f534&amp;apos;
System info: os.name: &amp;apos;Windows 10&amp;apos;, os.arch: &amp;apos;amd64&amp;apos;, os.version: &amp;apos;10.0&amp;apos;, java.version: &amp;apos;25.0.1&amp;apos;
Driver info: org.openqa.selenium.chrome.ChromeDriver
Command: [fc50cec50ed762c247ed5f359fe5364c, findElement {value=//div[@id=&amp;apos;content&amp;apos;]/*[normalize-space()=&amp;apos;Your Account Has Been Created!&amp;apos;], using=xpath}]
Capabilities {acceptInsecureCerts: false, browserName: chrome, browserVersion: 151.0.7922.75, chrome: {chromedriverVersion: 151.0.7922.76 (031bfd60f544..., userDataDir: C:\Users\ADMIN\AppData\Loca...}, fedcm:accounts: true, goog:chromeOptions: {debuggerAddress: localhost:57935}, goog:processID: 2572, networkConnectionEnabled: false, pageLoadStrategy: normal, platformName: windows, proxy: Proxy(), se:cdp: ws://localhost:57935/devtoo..., se:cdpVersion: 151.0.7922.75, setWindowRect: true, strictFileInteractability: false, timeouts: {implicit: 0, pageLoad: 300000, script: 30000}, unhandledPromptBehavior: dismiss and notify, webauthn:extension:credBlob: true, webauthn:extension:largeBlob: true, webauthn:extension:minPinLength: true, webauthn:extension:prf: true, webauthn:virtualAuthenticators: true}
Session ID: fc50cec50ed762c247ed5f359fe5364c]">
      <![CDATA[java.lang.AssertionError: Account is not Created or Success Message does not match expected [Your Account Has Been Created!] but found [no such element: Unable to locate element: {"method":"xpath","selector":"//div[@id='content']/*[normalize-space()='Your Account Has Been Created!']"}
  (Session info: chrome=151.0.7922.75)
For documentation on this error, please visit: https://www.selenium.dev/documentation/webdriver/troubleshooting/errors#nosuchelementexception
Build info: version: '4.43.0', revision: 'dd0f534'
System info: os.name: 'Windows 10', os.arch: 'amd64', os.version: '10.0', java.version: '25.0.1'
Driver info: org.openqa.selenium.chrome.ChromeDriver
Command: [fc50cec50ed762c247ed5f359fe5364c, findElement {value=//div[@id='content']/*[normalize-space()='Your Account Has Been Created!'], using=xpath}]
Capabilities {acceptInsecureCerts: false, browserName: chrome, browserVersion: 151.0.7922.75, chrome: {chromedriverVersion: 151.0.7922.76 (031bfd60f544..., userDataDir: C:\Users\ADMIN\AppData\Loca...}, fedcm:accounts: true, goog:chromeOptions: {debuggerAddress: localhost:57935}, goog:processID: 2572, networkConnectionEnabled: false, pageLoadStrategy: normal, platformName: windows, proxy: Proxy(), se:cdp: ws://localhost:57935/devtoo..., se:cdpVersion: 151.0.7922.75, setWindowRect: true, strictFileInteractability: false, timeouts: {implicit: 0, pageLoad: 300000, script: 30000}, unhandledPromptBehavior: dismiss and notify, webauthn:extension:credBlob: true, webauthn:extension:largeBlob: true, webauthn:extension:minPinLength: true, webauthn:extension:prf: true, webauthn:virtualAuthenticators: true}
Session ID: fc50cec50ed762c247ed5f359fe5364c]
at testCases.AccountRegisteration.registeration(AccountRegisteration.java:38)
at java.base/java.util.ArrayList.forEach(ArrayList.java:1604)
... Removed 34 stack frames]]>
    </failure>
  </testcase> <!-- registeration -->
  <testcase classname="testCases.MyLoginTest" name="veryLogin" time="2.246"/>
  <testcase classname="testCases.LoginDataDrivenTest" name="loginwithMultipledata" time="10.761"/>
  <testcase classname="testCases.LoginDataDrivenTest" name="loginwithMultipledata" time="11.33"/>
  <testcase classname="testCases.LoginDataDrivenTest" name="loginwithMultipledata" time="11.214"/>
  <testcase classname="testCases.LoginDataDrivenTest" name="loginwithMultipledata" time="2.779"/>
  <testcase classname="testCases.LoginDataDrivenTest" name="loginwithMultipledata" time="11.073"/>
  <testcase classname="testCases.LoginDataDrivenTest" name="loginwithMultipledata" time="10.725"/>
</testsuite> <!-- Test -->
