<?xml version="1.0" encoding="UTF-8"?>
<testng-results ignored="0" total="8" passed="7" failed="1" skipped="0">
  <reporter-output>
  </reporter-output>
  <suite started-at="2026-08-04T19:06:32 IST" name="Suite" finished-at="2026-08-04T19:08:15 IST" duration-ms="103114">
    <groups>
      <group name="Sanity">
        <method signature="AccountRegisteration.registeration()[pri:0, instance:testCases.AccountRegisteration@38425407]" name="registeration" class="testCases.AccountRegisteration"/>
      </group> <!-- Sanity -->
      <group name="Regression">
        <method signature="LoginDataDrivenTest.loginwithMultipledata(java.lang.String,java.lang.String,java.lang.String)[pri:0, instance:testCases.LoginDataDrivenTest@22ff4249]" name="loginwithMultipledata" class="testCases.LoginDataDrivenTest"/>
      </group> <!-- Regression -->
      <group name="Smoke">
        <method signature="AccountRegisteration.registeration()[pri:0, instance:testCases.AccountRegisteration@38425407]" name="registeration" class="testCases.AccountRegisteration"/>
        <method signature="LoginDataDrivenTest.loginwithMultipledata(java.lang.String,java.lang.String,java.lang.String)[pri:0, instance:testCases.LoginDataDrivenTest@22ff4249]" name="loginwithMultipledata" class="testCases.LoginDataDrivenTest"/>
        <method signature="MyLoginTest.veryLogin()[pri:0, instance:testCases.MyLoginTest@6025e1b6]" name="veryLogin" class="testCases.MyLoginTest"/>
      </group> <!-- Smoke -->
    </groups>
    <test started-at="2026-08-04T19:06:32 IST" name="Test" finished-at="2026-08-04T19:08:15 IST" duration-ms="103114">
      <class name="testCases.AccountRegisteration">
        <test-method is-config="true" signature="driversetup(java.lang.String,java.lang.String)[pri:0, instance:testCases.AccountRegisteration@38425407]" started-at="2026-08-04T19:06:32 IST" name="driversetup" finished-at="2026-08-04T19:06:38 IST" duration-ms="5999" status="PASS">
          <params>
            <param index="0">
              <value>
                <![CDATA[Chrome]]>
              </value>
            </param>
            <param index="1">
              <value>
                <![CDATA[Linux]]>
              </value>
            </param>
          </params>
          <reporter-output>
          </reporter-output>
        </test-method> <!-- driversetup -->
        <test-method signature="registeration()[pri:0, instance:testCases.AccountRegisteration@38425407]" started-at="2026-08-04T19:06:38 IST" name="registeration" finished-at="2026-08-04T19:06:54 IST" duration-ms="15410" status="FAIL">
          <exception class="java.lang.AssertionError">
            <message>
              <![CDATA[Account is not Created or Success Message does not match expected [Your Account Has Been Created!] but found [no such element: Unable to locate element: {"method":"xpath","selector":"//div[@id='content']/*[normalize-space()='Your Account Has Been Created!']"}
  (Session info: chrome=150.0.7871.187)
For documentation on this error, please visit: https://www.selenium.dev/documentation/webdriver/troubleshooting/errors#nosuchelementexception
Build info: version: '4.43.0', revision: 'dd0f534'
System info: os.name: 'Windows 10', os.arch: 'amd64', os.version: '10.0', java.version: '25.0.1'
Driver info: org.openqa.selenium.chrome.ChromeDriver
Command: [bdc65021cfce62dbd84a29c3a26cf912, findElement {using=xpath, value=//div[@id='content']/*[normalize-space()='Your Account Has Been Created!']}]
Capabilities {acceptInsecureCerts: false, browserName: chrome, browserVersion: 150.0.7871.187, chrome: {chromedriverVersion: 150.0.7871.124 (9261fd0a595..., userDataDir: C:\Users\ADMIN\AppData\Loca...}, fedcm:accounts: true, goog:chromeOptions: {debuggerAddress: localhost:57159}, goog:processID: 9532, networkConnectionEnabled: false, pageLoadStrategy: normal, platformName: windows, proxy: Proxy(), se:cdp: ws://localhost:57159/devtoo..., se:cdpVersion: 150.0.7871.187, setWindowRect: true, strictFileInteractability: false, timeouts: {implicit: 0, pageLoad: 300000, script: 30000}, unhandledPromptBehavior: dismiss and notify, webauthn:extension:credBlob: true, webauthn:extension:largeBlob: true, webauthn:extension:minPinLength: true, webauthn:extension:prf: true, webauthn:virtualAuthenticators: true}
Session ID: bdc65021cfce62dbd84a29c3a26cf912]]]>
            </message>
            <full-stacktrace>
              <![CDATA[java.lang.AssertionError: Account is not Created or Success Message does not match expected [Your Account Has Been Created!] but found [no such element: Unable to locate element: {"method":"xpath","selector":"//div[@id='content']/*[normalize-space()='Your Account Has Been Created!']"}
  (Session info: chrome=150.0.7871.187)
For documentation on this error, please visit: https://www.selenium.dev/documentation/webdriver/troubleshooting/errors#nosuchelementexception
Build info: version: '4.43.0', revision: 'dd0f534'
System info: os.name: 'Windows 10', os.arch: 'amd64', os.version: '10.0', java.version: '25.0.1'
Driver info: org.openqa.selenium.chrome.ChromeDriver
Command: [bdc65021cfce62dbd84a29c3a26cf912, findElement {using=xpath, value=//div[@id='content']/*[normalize-space()='Your Account Has Been Created!']}]
Capabilities {acceptInsecureCerts: false, browserName: chrome, browserVersion: 150.0.7871.187, chrome: {chromedriverVersion: 150.0.7871.124 (9261fd0a595..., userDataDir: C:\Users\ADMIN\AppData\Loca...}, fedcm:accounts: true, goog:chromeOptions: {debuggerAddress: localhost:57159}, goog:processID: 9532, networkConnectionEnabled: false, pageLoadStrategy: normal, platformName: windows, proxy: Proxy(), se:cdp: ws://localhost:57159/devtoo..., se:cdpVersion: 150.0.7871.187, setWindowRect: true, strictFileInteractability: false, timeouts: {implicit: 0, pageLoad: 300000, script: 30000}, unhandledPromptBehavior: dismiss and notify, webauthn:extension:credBlob: true, webauthn:extension:largeBlob: true, webauthn:extension:minPinLength: true, webauthn:extension:prf: true, webauthn:virtualAuthenticators: true}
Session ID: bdc65021cfce62dbd84a29c3a26cf912]
at org.testng.Assert.fail(Assert.java:111)
at org.testng.Assert.failNotEquals(Assert.java:1590)
at org.testng.Assert.assertEqualsImpl(Assert.java:150)
at org.testng.Assert.assertEquals(Assert.java:132)
at org.testng.Assert.assertEquals(Assert.java:656)
at testCases.AccountRegisteration.registeration(AccountRegisteration.java:38)
at java.base/jdk.internal.reflect.DirectMethodHandleAccessor.invoke(DirectMethodHandleAccessor.java:104)
at java.base/java.lang.reflect.Method.invoke(Method.java:565)
at org.testng.internal.invokers.MethodInvocationHelper.invokeMethod(MethodInvocationHelper.java:141)
at org.testng.internal.invokers.TestInvoker.invokeMethod(TestInvoker.java:697)
at org.testng.internal.invokers.TestInvoker.invokeTestMethod(TestInvoker.java:230)
at org.testng.internal.invokers.MethodRunner.runInSequence(MethodRunner.java:63)
at org.testng.internal.invokers.TestInvoker$MethodInvocationAgent.invoke(TestInvoker.java:1005)
at org.testng.internal.invokers.TestInvoker.invokeTestMethods(TestInvoker.java:203)
at org.testng.internal.invokers.TestMethodWorker.invokeTestMethods(TestMethodWorker.java:154)
at org.testng.internal.invokers.TestMethodWorker.run(TestMethodWorker.java:134)
at java.base/java.util.ArrayList.forEach(ArrayList.java:1604)
at org.testng.TestRunner.privateRun(TestRunner.java:744)
at org.testng.TestRunner.run(TestRunner.java:616)
at org.testng.SuiteRunner.runTest(SuiteRunner.java:421)
at org.testng.SuiteRunner.runSequentially(SuiteRunner.java:413)
at org.testng.SuiteRunner.privateRun(SuiteRunner.java:373)
at org.testng.SuiteRunner.run(SuiteRunner.java:312)
at org.testng.SuiteRunnerWorker.runSuite(SuiteRunnerWorker.java:52)
at org.testng.SuiteRunnerWorker.run(SuiteRunnerWorker.java:95)
at org.testng.TestNG.runSuitesSequentially(TestNG.java:1274)
at org.testng.TestNG.runSuitesLocally(TestNG.java:1208)
at org.testng.TestNG.runSuites(TestNG.java:1112)
at org.testng.TestNG.run(TestNG.java:1079)
at org.apache.maven.surefire.testng.TestNGExecutor.run(TestNGExecutor.java:308)
at org.apache.maven.surefire.testng.TestNGXmlTestSuite.execute(TestNGXmlTestSuite.java:71)
at org.apache.maven.surefire.testng.TestNGProvider.invoke(TestNGProvider.java:113)
at org.apache.maven.surefire.booter.ForkedBooter.runSuitesInProcess(ForkedBooter.java:385)
at org.apache.maven.surefire.booter.ForkedBooter.execute(ForkedBooter.java:162)
at org.apache.maven.surefire.booter.ForkedBooter.run(ForkedBooter.java:507)
at org.apache.maven.surefire.booter.ForkedBooter.main(ForkedBooter.java:495)
]]>
            </full-stacktrace>
          </exception> <!-- java.lang.AssertionError -->
          <reporter-output>
          </reporter-output>
        </test-method> <!-- registeration -->
        <test-method is-config="true" signature="closeDriver()[pri:0, instance:testCases.AccountRegisteration@38425407]" started-at="2026-08-04T19:06:54 IST" name="closeDriver" finished-at="2026-08-04T19:06:54 IST" duration-ms="395" status="PASS">
          <reporter-output>
          </reporter-output>
        </test-method> <!-- closeDriver -->
      </class> <!-- testCases.AccountRegisteration -->
      <class name="testCases.LoginDataDrivenTest">
        <test-method is-config="true" signature="driversetup(java.lang.String,java.lang.String)[pri:0, instance:testCases.LoginDataDrivenTest@22ff4249]" started-at="2026-08-04T19:07:10 IST" name="driversetup" finished-at="2026-08-04T19:07:14 IST" duration-ms="3468" status="PASS">
          <params>
            <param index="0">
              <value>
                <![CDATA[Chrome]]>
              </value>
            </param>
            <param index="1">
              <value>
                <![CDATA[Linux]]>
              </value>
            </param>
          </params>
          <reporter-output>
          </reporter-output>
        </test-method> <!-- driversetup -->
        <test-method signature="loginwithMultipledata(java.lang.String,java.lang.String,java.lang.String)[pri:0, instance:testCases.LoginDataDrivenTest@22ff4249]" started-at="2026-08-04T19:07:14 IST" name="loginwithMultipledata" data-provider="LoginData" finished-at="2026-08-04T19:07:25 IST" duration-ms="11136" status="PASS">
          <params>
            <param index="0">
              <value>
                <![CDATA[john.doe@testmail.com]]>
              </value>
            </param>
            <param index="1">
              <value>
                <![CDATA[John@123]]>
              </value>
            </param>
            <param index="2">
              <value>
                <![CDATA[Invalid]]>
              </value>
            </param>
          </params>
          <reporter-output>
          </reporter-output>
        </test-method> <!-- loginwithMultipledata -->
        <test-method signature="loginwithMultipledata(java.lang.String,java.lang.String,java.lang.String)[pri:0, instance:testCases.LoginDataDrivenTest@22ff4249]" started-at="2026-08-04T19:07:25 IST" name="loginwithMultipledata" data-provider="LoginData" finished-at="2026-08-04T19:07:37 IST" duration-ms="11658" status="PASS">
          <params>
            <param index="0">
              <value>
                <![CDATA[alice.smith@testmail.com]]>
              </value>
            </param>
            <param index="1">
              <value>
                <![CDATA[Alice@456]]>
              </value>
            </param>
            <param index="2">
              <value>
                <![CDATA[Invalid]]>
              </value>
            </param>
          </params>
          <reporter-output>
          </reporter-output>
        </test-method> <!-- loginwithMultipledata -->
        <test-method signature="loginwithMultipledata(java.lang.String,java.lang.String,java.lang.String)[pri:0, instance:testCases.LoginDataDrivenTest@22ff4249]" started-at="2026-08-04T19:07:37 IST" name="loginwithMultipledata" data-provider="LoginData" finished-at="2026-08-04T19:07:48 IST" duration-ms="11478" status="PASS">
          <params>
            <param index="0">
              <value>
                <![CDATA[robert.johnson@testmail.com]]>
              </value>
            </param>
            <param index="1">
              <value>
                <![CDATA[Robert@789]]>
              </value>
            </param>
            <param index="2">
              <value>
                <![CDATA[Invalid]]>
              </value>
            </param>
          </params>
          <reporter-output>
          </reporter-output>
        </test-method> <!-- loginwithMultipledata -->
        <test-method signature="loginwithMultipledata(java.lang.String,java.lang.String,java.lang.String)[pri:0, instance:testCases.LoginDataDrivenTest@22ff4249]" started-at="2026-08-04T19:07:48 IST" name="loginwithMultipledata" data-provider="LoginData" finished-at="2026-08-04T19:07:52 IST" duration-ms="4120" status="PASS">
          <params>
            <param index="0">
              <value>
                <![CDATA[pofoye5680@apdtax.com]]>
              </value>
            </param>
            <param index="1">
              <value>
                <![CDATA[Test@123456]]>
              </value>
            </param>
            <param index="2">
              <value>
                <![CDATA[Valid]]>
              </value>
            </param>
          </params>
          <reporter-output>
          </reporter-output>
        </test-method> <!-- loginwithMultipledata -->
        <test-method signature="loginwithMultipledata(java.lang.String,java.lang.String,java.lang.String)[pri:0, instance:testCases.LoginDataDrivenTest@22ff4249]" started-at="2026-08-04T19:07:52 IST" name="loginwithMultipledata" data-provider="LoginData" finished-at="2026-08-04T19:08:03 IST" duration-ms="10954" status="PASS">
          <params>
            <param index="0">
              <value>
                <![CDATA[emma.wilson@testmail.com]]>
              </value>
            </param>
            <param index="1">
              <value>
                <![CDATA[Emma@321]]>
              </value>
            </param>
            <param index="2">
              <value>
                <![CDATA[Invalid]]>
              </value>
            </param>
          </params>
          <reporter-output>
          </reporter-output>
        </test-method> <!-- loginwithMultipledata -->
        <test-method signature="loginwithMultipledata(java.lang.String,java.lang.String,java.lang.String)[pri:0, instance:testCases.LoginDataDrivenTest@22ff4249]" started-at="2026-08-04T19:08:03 IST" name="loginwithMultipledata" data-provider="LoginData" finished-at="2026-08-04T19:08:15 IST" duration-ms="11266" status="PASS">
          <params>
            <param index="0">
              <value>
                <![CDATA[michael.brown@testmail.com]]>
              </value>
            </param>
            <param index="1">
              <value>
                <![CDATA[Michael@654]]>
              </value>
            </param>
            <param index="2">
              <value>
                <![CDATA[Invalid]]>
              </value>
            </param>
          </params>
          <reporter-output>
          </reporter-output>
        </test-method> <!-- loginwithMultipledata -->
        <test-method is-config="true" signature="closeDriver()[pri:0, instance:testCases.LoginDataDrivenTest@22ff4249]" started-at="2026-08-04T19:08:15 IST" name="closeDriver" finished-at="2026-08-04T19:08:15 IST" duration-ms="410" status="PASS">
          <reporter-output>
          </reporter-output>
        </test-method> <!-- closeDriver -->
      </class> <!-- testCases.LoginDataDrivenTest -->
      <class name="testCases.MyLoginTest">
        <test-method is-config="true" signature="driversetup(java.lang.String,java.lang.String)[pri:0, instance:testCases.MyLoginTest@6025e1b6]" started-at="2026-08-04T19:06:54 IST" name="driversetup" finished-at="2026-08-04T19:07:08 IST" duration-ms="13523" status="PASS">
          <params>
            <param index="0">
              <value>
                <![CDATA[Chrome]]>
              </value>
            </param>
            <param index="1">
              <value>
                <![CDATA[Linux]]>
              </value>
            </param>
          </params>
          <reporter-output>
          </reporter-output>
        </test-method> <!-- driversetup -->
        <test-method signature="veryLogin()[pri:0, instance:testCases.MyLoginTest@6025e1b6]" started-at="2026-08-04T19:07:08 IST" name="veryLogin" finished-at="2026-08-04T19:07:10 IST" duration-ms="2426" status="PASS">
          <reporter-output>
          </reporter-output>
        </test-method> <!-- veryLogin -->
        <test-method is-config="true" signature="closeDriver()[pri:0, instance:testCases.MyLoginTest@6025e1b6]" started-at="2026-08-04T19:07:10 IST" name="closeDriver" finished-at="2026-08-04T19:07:10 IST" duration-ms="272" status="PASS">
          <reporter-output>
          </reporter-output>
        </test-method> <!-- closeDriver -->
      </class> <!-- testCases.MyLoginTest -->
    </test> <!-- Test -->
  </suite> <!-- Suite -->
</testng-results>
