<?xml version="1.0" encoding="UTF-8"?>
<testng-results ignored="0" total="8" passed="8" failed="0" skipped="0">
  <reporter-output>
  </reporter-output>
  <suite started-at="2026-08-25T22:17:35 IST" name="Suite" finished-at="2026-08-25T22:19:06 IST" duration-ms="90561">
    <groups>
      <group name="Sanity">
        <method signature="AccountRegisteration.registeration()[pri:0, instance:testCases.AccountRegisteration@702657cc]" name="registeration" class="testCases.AccountRegisteration"/>
      </group> <!-- Sanity -->
      <group name="Regression">
        <method signature="LoginDataDrivenTest.loginwithMultipledata(java.lang.String,java.lang.String,java.lang.String)[pri:0, instance:testCases.LoginDataDrivenTest@4c402120]" name="loginwithMultipledata" class="testCases.LoginDataDrivenTest"/>
      </group> <!-- Regression -->
      <group name="Smoke">
        <method signature="AccountRegisteration.registeration()[pri:0, instance:testCases.AccountRegisteration@702657cc]" name="registeration" class="testCases.AccountRegisteration"/>
        <method signature="LoginDataDrivenTest.loginwithMultipledata(java.lang.String,java.lang.String,java.lang.String)[pri:0, instance:testCases.LoginDataDrivenTest@4c402120]" name="loginwithMultipledata" class="testCases.LoginDataDrivenTest"/>
        <method signature="MyLoginTest.veryLogin()[pri:0, instance:testCases.MyLoginTest@2d1ef81a]" name="veryLogin" class="testCases.MyLoginTest"/>
      </group> <!-- Smoke -->
    </groups>
    <test started-at="2026-08-25T22:17:35 IST" name="Test" finished-at="2026-08-25T22:19:06 IST" duration-ms="90561">
      <class name="testCases.AccountRegisteration">
        <test-method is-config="true" signature="driversetup(java.lang.String,java.lang.String)[pri:0, instance:testCases.AccountRegisteration@702657cc]" started-at="2026-08-25T22:17:35 IST" name="driversetup" finished-at="2026-08-25T22:17:42 IST" duration-ms="6682" status="PASS">
          <params>
            <param index="0">
              <value>
                <![CDATA[Chrome]]>
              </value>
            </param>
            <param index="1">
              <value>
                <![CDATA[Linux]]>
              </value>
            </param>
          </params>
          <reporter-output>
          </reporter-output>
        </test-method> <!-- driversetup -->
        <test-method signature="registeration()[pri:0, instance:testCases.AccountRegisteration@702657cc]" started-at="2026-08-25T22:17:42 IST" name="registeration" finished-at="2026-08-25T22:17:56 IST" duration-ms="14070" status="PASS">
          <reporter-output>
          </reporter-output>
        </test-method> <!-- registeration -->
        <test-method is-config="true" signature="closeDriver()[pri:0, instance:testCases.AccountRegisteration@702657cc]" started-at="2026-08-25T22:17:56 IST" name="closeDriver" finished-at="2026-08-25T22:17:57 IST" duration-ms="635" status="PASS">
          <reporter-output>
          </reporter-output>
        </test-method> <!-- closeDriver -->
      </class> <!-- testCases.AccountRegisteration -->
      <class name="testCases.LoginDataDrivenTest">
        <test-method is-config="true" signature="driversetup(java.lang.String,java.lang.String)[pri:0, instance:testCases.LoginDataDrivenTest@4c402120]" started-at="2026-08-25T22:18:04 IST" name="driversetup" finished-at="2026-08-25T22:18:08 IST" duration-ms="3668" status="PASS">
          <params>
            <param index="0">
              <value>
                <![CDATA[Chrome]]>
              </value>
            </param>
            <param index="1">
              <value>
                <![CDATA[Linux]]>
              </value>
            </param>
          </params>
          <reporter-output>
          </reporter-output>
        </test-method> <!-- driversetup -->
        <test-method signature="loginwithMultipledata(java.lang.String,java.lang.String,java.lang.String)[pri:0, instance:testCases.LoginDataDrivenTest@4c402120]" started-at="2026-08-25T22:18:08 IST" name="loginwithMultipledata" data-provider="LoginData" finished-at="2026-08-25T22:18:19 IST" duration-ms="11250" status="PASS">
          <params>
            <param index="0">
              <value>
                <![CDATA[john.doe@testmail.com]]>
              </value>
            </param>
            <param index="1">
              <value>
                <![CDATA[John@123]]>
              </value>
            </param>
            <param index="2">
              <value>
                <![CDATA[Invalid]]>
              </value>
            </param>
          </params>
          <reporter-output>
          </reporter-output>
        </test-method> <!-- loginwithMultipledata -->
        <test-method signature="loginwithMultipledata(java.lang.String,java.lang.String,java.lang.String)[pri:0, instance:testCases.LoginDataDrivenTest@4c402120]" started-at="2026-08-25T22:18:19 IST" name="loginwithMultipledata" data-provider="LoginData" finished-at="2026-08-25T22:18:31 IST" duration-ms="11557" status="PASS">
          <params>
            <param index="0">
              <value>
                <![CDATA[alice.smith@testmail.com]]>
              </value>
            </param>
            <param index="1">
              <value>
                <![CDATA[Alice@456]]>
              </value>
            </param>
            <param index="2">
              <value>
                <![CDATA[Invalid]]>
              </value>
            </param>
          </params>
          <reporter-output>
          </reporter-output>
        </test-method> <!-- loginwithMultipledata -->
        <test-method signature="loginwithMultipledata(java.lang.String,java.lang.String,java.lang.String)[pri:0, instance:testCases.LoginDataDrivenTest@4c402120]" started-at="2026-08-25T22:18:31 IST" name="loginwithMultipledata" data-provider="LoginData" finished-at="2026-08-25T22:18:41 IST" duration-ms="10653" status="PASS">
          <params>
            <param index="0">
              <value>
                <![CDATA[robert.johnson@testmail.com]]>
              </value>
            </param>
            <param index="1">
              <value>
                <![CDATA[Robert@789]]>
              </value>
            </param>
            <param index="2">
              <value>
                <![CDATA[Invalid]]>
              </value>
            </param>
          </params>
          <reporter-output>
          </reporter-output>
        </test-method> <!-- loginwithMultipledata -->
        <test-method signature="loginwithMultipledata(java.lang.String,java.lang.String,java.lang.String)[pri:0, instance:testCases.LoginDataDrivenTest@4c402120]" started-at="2026-08-25T22:18:41 IST" name="loginwithMultipledata" data-provider="LoginData" finished-at="2026-08-25T22:18:43 IST" duration-ms="1912" status="PASS">
          <params>
            <param index="0">
              <value>
                <![CDATA[pofoye5680@apdtax.com]]>
              </value>
            </param>
            <param index="1">
              <value>
                <![CDATA[Test@123456]]>
              </value>
            </param>
            <param index="2">
              <value>
                <![CDATA[Valid]]>
              </value>
            </param>
          </params>
          <reporter-output>
          </reporter-output>
        </test-method> <!-- loginwithMultipledata -->
        <test-method signature="loginwithMultipledata(java.lang.String,java.lang.String,java.lang.String)[pri:0, instance:testCases.LoginDataDrivenTest@4c402120]" started-at="2026-08-25T22:18:43 IST" name="loginwithMultipledata" data-provider="LoginData" finished-at="2026-08-25T22:18:54 IST" duration-ms="10513" status="PASS">
          <params>
            <param index="0">
              <value>
                <![CDATA[emma.wilson@testmail.com]]>
              </value>
            </param>
            <param index="1">
              <value>
                <![CDATA[Emma@321]]>
              </value>
            </param>
            <param index="2">
              <value>
                <![CDATA[Invalid]]>
              </value>
            </param>
          </params>
          <reporter-output>
          </reporter-output>
        </test-method> <!-- loginwithMultipledata -->
        <test-method signature="loginwithMultipledata(java.lang.String,java.lang.String,java.lang.String)[pri:0, instance:testCases.LoginDataDrivenTest@4c402120]" started-at="2026-08-25T22:18:54 IST" name="loginwithMultipledata" data-provider="LoginData" finished-at="2026-08-25T22:19:05 IST" duration-ms="11247" status="PASS">
          <params>
            <param index="0">
              <value>
                <![CDATA[michael.brown@testmail.com]]>
              </value>
            </param>
            <param index="1">
              <value>
                <![CDATA[Michael@654]]>
              </value>
            </param>
            <param index="2">
              <value>
                <![CDATA[Invalid]]>
              </value>
            </param>
          </params>
          <reporter-output>
          </reporter-output>
        </test-method> <!-- loginwithMultipledata -->
        <test-method is-config="true" signature="closeDriver()[pri:0, instance:testCases.LoginDataDrivenTest@4c402120]" started-at="2026-08-25T22:19:05 IST" name="closeDriver" finished-at="2026-08-25T22:19:06 IST" duration-ms="401" status="PASS">
          <reporter-output>
          </reporter-output>
        </test-method> <!-- closeDriver -->
      </class> <!-- testCases.LoginDataDrivenTest -->
      <class name="testCases.MyLoginTest">
        <test-method is-config="true" signature="driversetup(java.lang.String,java.lang.String)[pri:0, instance:testCases.MyLoginTest@2d1ef81a]" started-at="2026-08-25T22:17:57 IST" name="driversetup" finished-at="2026-08-25T22:18:00 IST" duration-ms="3285" status="PASS">
          <params>
            <param index="0">
              <value>
                <![CDATA[Chrome]]>
              </value>
            </param>
            <param index="1">
              <value>
                <![CDATA[Linux]]>
              </value>
            </param>
          </params>
          <reporter-output>
          </reporter-output>
        </test-method> <!-- driversetup -->
        <test-method signature="veryLogin()[pri:0, instance:testCases.MyLoginTest@2d1ef81a]" started-at="2026-08-25T22:18:00 IST" name="veryLogin" finished-at="2026-08-25T22:18:04 IST" duration-ms="3485" status="PASS">
          <reporter-output>
          </reporter-output>
        </test-method> <!-- veryLogin -->
        <test-method is-config="true" signature="closeDriver()[pri:0, instance:testCases.MyLoginTest@2d1ef81a]" started-at="2026-08-25T22:18:04 IST" name="closeDriver" finished-at="2026-08-25T22:18:04 IST" duration-ms="707" status="PASS">
          <reporter-output>
          </reporter-output>
        </test-method> <!-- closeDriver -->
      </class> <!-- testCases.MyLoginTest -->
    </test> <!-- Test -->
  </suite> <!-- Suite -->
</testng-results>
