<?xml version="1.0" encoding="UTF-8"?>
<testsuite xmlns:xsi="http://www.w3.org/2001/XMLSchema-instance" xsi:noNamespaceSchemaLocation="https://maven.apache.org/surefire/maven-surefire-plugin/xsd/surefire-test-report.xsd" version="3.0.2" name="TestSuite" time="106.222" tests="8" errors="0" skipped="0" failures="1">
  <properties>
[...]
</properties>
  <testcase name="registeration" classname="testCases.AccountRegisteration" time="14.353">
    <failure message="Account is not Created or Success Message does not match expected [Your Account Has Been Created!] but found [no such element: Unable to locate element: {&quot;method&quot;:&quot;xpath&quot;,&quot;selector&quot;:&quot;//div[@id=&apos;content&apos;]/*[normalize-space()=&apos;Your Account Has Been Created!&apos;]&quot;}&#10;  (Session info: chrome=151.0.7922.75)&#10;For documentation on this error, please visit: https://www.selenium.dev/documentation/webdriver/troubleshooting/errors#nosuchelementexception&#10;Build info: version: &apos;4.43.0&apos;, revision: &apos;dd0f534&apos;&#10;System info: os.name: &apos;Windows 10&apos;, os.arch: &apos;amd64&apos;, os.version: &apos;10.0&apos;, java.version: &apos;25.0.1&apos;&#10;Driver info: org.openqa.selenium.chrome.ChromeDriver&#10;Command: [8b8c92ba3054179547a1646c4a4fb0ae, findElement {value=//div[@id=&apos;content&apos;]/*[normalize-space()=&apos;Your Account Has Been Created!&apos;], using=xpath}]&#10;Capabilities {acceptInsecureCerts: false, browserName: chrome, browserVersion: 151.0.7922.75, chrome: {chromedriverVersion: 151.0.7922.76 (031bfd60f544..., userDataDir: C:\Users\ADMIN\AppData\Loca...}, fedcm:accounts: true, goog:chromeOptions: {debuggerAddress: localhost:57284}, goog:processID: 10644, networkConnectionEnabled: false, pageLoadStrategy: normal, platformName: windows, proxy: Proxy(), se:cdp: ws://localhost:57284/devtoo..., se:cdpVersion: 151.0.7922.75, setWindowRect: true, strictFileInteractability: false, timeouts: {implicit: 0, pageLoad: 300000, script: 30000}, unhandledPromptBehavior: dismiss and notify, webauthn:extension:credBlob: true, webauthn:extension:largeBlob: true, webauthn:extension:minPinLength: true, webauthn:extension:prf: true, webauthn:virtualAuthenticators: true}&#10;Session ID: 8b8c92ba3054179547a1646c4a4fb0ae]" type="java.lang.AssertionError"><![CDATA[java.lang.AssertionError: 
Account is not Created or Success Message does not match expected [Your Account Has Been Created!] but found [no such element: Unable to locate element: {"method":"xpath","selector":"//div[@id='content']/*[normalize-space()='Your Account Has Been Created!']"}
  (Session info: chrome=151.0.7922.75)
For documentation on this error, please visit: https://www.selenium.dev/documentation/webdriver/troubleshooting/errors#nosuchelementexception
Build info: version: '4.43.0', revision: 'dd0f534'
System info: os.name: 'Windows 10', os.arch: 'amd64', os.version: '10.0', java.version: '25.0.1'
Driver info: org.openqa.selenium.chrome.ChromeDriver
Command: [8b8c92ba3054179547a1646c4a4fb0ae, findElement {value=//div[@id='content']/*[normalize-space()='Your Account Has Been Created!'], using=xpath}]
Capabilities {acceptInsecureCerts: false, browserName: chrome, browserVersion: 151.0.7922.75, chrome: {chromedriverVersion: 151.0.7922.76 (031bfd60f544..., userDataDir: C:\Users\ADMIN\AppData\Loca...}, fedcm:accounts: true, goog:chromeOptions: {debuggerAddress: localhost:57284}, goog:processID: 10644, networkConnectionEnabled: false, pageLoadStrategy: normal, platformName: windows, proxy: Proxy(), se:cdp: ws://localhost:57284/devtoo..., se:cdpVersion: 151.0.7922.75, setWindowRect: true, strictFileInteractability: false, timeouts: {implicit: 0, pageLoad: 300000, script: 30000}, unhandledPromptBehavior: dismiss and notify, webauthn:extension:credBlob: true, webauthn:extension:largeBlob: true, webauthn:extension:minPinLength: true, webauthn:extension:prf: true, webauthn:virtualAuthenticators: true}
Session ID: 8b8c92ba3054179547a1646c4a4fb0ae]
	at org.testng.Assert.fail(Assert.java:111)
	at org.testng.Assert.failNotEquals(Assert.java:1590)
	at org.testng.Assert.assertEqualsImpl(Assert.java:150)
	at org.testng.Assert.assertEquals(Assert.java:132)
	at org.testng.Assert.assertEquals(Assert.java:656)
	at testCases.AccountRegisteration.registeration(AccountRegisteration.java:38)
	at java.base/jdk.internal.reflect.DirectMethodHandleAccessor.invoke(DirectMethodHandleAccessor.java:104)
	at java.base/java.lang.reflect.Method.invoke(Method.java:565)
	at org.testng.internal.invokers.MethodInvocationHelper.invokeMethod(MethodInvocationHelper.java:141)
	at org.testng.internal.invokers.TestInvoker.invokeMethod(TestInvoker.java:697)
	at org.testng.internal.invokers.TestInvoker.invokeTestMethod(TestInvoker.java:230)
	at org.testng.internal.invokers.MethodRunner.runInSequence(MethodRunner.java:63)
	at org.testng.internal.invokers.TestInvoker$MethodInvocationAgent.invoke(TestInvoker.java:1005)
	at org.testng.internal.invokers.TestInvoker.invokeTestMethods(TestInvoker.java:203)
	at org.testng.internal.invokers.TestMethodWorker.invokeTestMethods(TestMethodWorker.java:154)
	at org.testng.internal.invokers.TestMethodWorker.run(TestMethodWorker.java:134)
	at java.base/java.util.ArrayList.forEach(ArrayList.java:1604)
	at org.testng.TestRunner.privateRun(TestRunner.java:744)
	at org.testng.TestRunner.run(TestRunner.java:616)
	at org.testng.SuiteRunner.runTest(SuiteRunner.java:421)
	at org.testng.SuiteRunner.runSequentially(SuiteRunner.java:413)
	at org.testng.SuiteRunner.privateRun(SuiteRunner.java:373)
	at org.testng.SuiteRunner.run(SuiteRunner.java:312)
	at org.testng.SuiteRunnerWorker.runSuite(SuiteRunnerWorker.java:52)
	at org.testng.SuiteRunnerWorker.run(SuiteRunnerWorker.java:95)
	at org.testng.TestNG.runSuitesSequentially(TestNG.java:1274)
	at org.testng.TestNG.runSuitesLocally(TestNG.java:1208)
	at org.testng.TestNG.runSuites(TestNG.java:1112)
	at org.testng.TestNG.run(TestNG.java:1079)
	at org.apache.maven.surefire.testng.TestNGExecutor.run(TestNGExecutor.java:308)
	at org.apache.maven.surefire.testng.TestNGXmlTestSuite.execute(TestNGXmlTestSuite.java:71)
	at org.apache.maven.surefire.testng.TestNGProvider.invoke(TestNGProvider.java:113)
	at org.apache.maven.surefire.booter.ForkedBooter.runSuitesInProcess(ForkedBooter.java:385)
	at org.apache.maven.surefire.booter.ForkedBooter.execute(ForkedBooter.java:162)
	at org.apache.maven.surefire.booter.ForkedBooter.run(ForkedBooter.java:507)
	at org.apache.maven.surefire.booter.ForkedBooter.main(ForkedBooter.java:495)
]]></failure>
    <system-out><![CDATA[17:58:50.748 [main] DEBUG org.testng.TestNG -- suiteXmlPath: "C:\Users\ADMIN\Desktop\Java_Project\OpenCartV1\testng.xml"
2026-08-05 17:59:00 [main] INFO  AccountRegisteration - *****Starting Registration Process*******
2026-08-05 17:59:01 [main] INFO  AccountRegisteration - Verify Resgistration URL 
]]></system-out>
    <system-err><![CDATA[Aug 05, 2026 5:58:55 PM org.openqa.selenium.devtools.CdpVersionFinder findNearestMatch
WARNING: Unable to find an exact match for CDP version 151, returning the closest version; found: 147; Please update to a Selenium version that supports CDP version 151
]]></system-err>
  </testcase>
  <testcase name="veryLogin" classname="testCases.MyLoginTest" time="2.995">
    <system-out><![CDATA[2026-08-05 17:59:21 [main] INFO  MyLoginTest - Login Test Start
]]></system-out>
    <system-err><![CDATA[Aug 05, 2026 5:59:18 PM org.openqa.selenium.devtools.CdpVersionFinder findNearestMatch
WARNING: Unable to find an exact match for CDP version 151, returning the closest version; found: 147; Please update to a Selenium version that supports CDP version 151
]]></system-err>
  </testcase>
  <testcase name="loginwithMultipledata[john.doe@testmail.com, John@123, Invalid](1)" classname="testCases.LoginDataDrivenTest" time="13.376">
    <system-out><![CDATA[Login is failed with Invalid Creadential: Username: john.doe@testmail.com Password:John@123 Creadential status:Invalid
]]></system-out>
    <system-err><![CDATA[Aug 05, 2026 5:59:27 PM org.openqa.selenium.devtools.CdpVersionFinder findNearestMatch
WARNING: Unable to find an exact match for CDP version 151, returning the closest version; found: 147; Please update to a Selenium version that supports CDP version 151
]]></system-err>
  </testcase>
  <testcase name="loginwithMultipledata[alice.smith@testmail.com, Alice@456, Invalid](2)" classname="testCases.LoginDataDrivenTest" time="11.935">
    <system-out><![CDATA[Login is failed with Invalid Creadential: Username: alice.smith@testmail.com Password:Alice@456 Creadential status:Invalid
]]></system-out>
  </testcase>
  <testcase name="loginwithMultipledata[robert.johnson@testmail.com, Robert@789, Invalid](3)" classname="testCases.LoginDataDrivenTest" time="11.881">
    <system-out><![CDATA[Login is failed with Invalid Creadential: Username: robert.johnson@testmail.com Password:Robert@789 Creadential status:Invalid
]]></system-out>
  </testcase>
  <testcase name="loginwithMultipledata[pofoye5680@apdtax.com, Test@123456, Valid](4)" classname="testCases.LoginDataDrivenTest" time="5.206">
    <system-out><![CDATA[Login Successfull: Username: pofoye5680@apdtax.com Password:Test@123456 Creadential status:Valid
]]></system-out>
  </testcase>
  <testcase name="loginwithMultipledata[emma.wilson@testmail.com, Emma@321, Invalid](5)" classname="testCases.LoginDataDrivenTest" time="11.809">
    <system-out><![CDATA[Login is failed with Invalid Creadential: Username: emma.wilson@testmail.com Password:Emma@321 Creadential status:Invalid
]]></system-out>
  </testcase>
  <testcase name="loginwithMultipledata[michael.brown@testmail.com, Michael@654, Invalid](6)" classname="testCases.LoginDataDrivenTest" time="12.194">
    <system-out><![CDATA[Login is failed with Invalid Creadential: Username: michael.brown@testmail.com Password:Michael@654 Creadential status:Invalid
]]></system-out>
  </testcase>
</testsuite>