<?xml version="1.0" encoding="UTF-8"?>
<testng-results ignored="0" total="1" passed="1" failed="0" skipped="0">
  <reporter-output>
  </reporter-output>
  <suite started-at="2026-08-25T21:53:45 IST" name="Suite" finished-at="2026-08-25T21:53:58 IST" duration-ms="12944">
    <groups>
      <group name="Sanity">
        <method signature="AccountRegisteration.registeration()[pri:0, instance:testCases.AccountRegisteration@622ef26a]" name="registeration" class="testCases.AccountRegisteration"/>
      </group> <!-- Sanity -->
      <group name="Smoke">
        <method signature="AccountRegisteration.registeration()[pri:0, instance:testCases.AccountRegisteration@622ef26a]" name="registeration" class="testCases.AccountRegisteration"/>
      </group> <!-- Smoke -->
    </groups>
    <test started-at="2026-08-25T21:53:45 IST" name="Test" finished-at="2026-08-25T21:53:58 IST" duration-ms="12944">
      <class name="testCases.AccountRegisteration">
        <test-method is-config="true" signature="driversetup(java.lang.String,java.lang.String)[pri:0, instance:testCases.AccountRegisteration@622ef26a]" started-at="2026-08-25T21:53:46 IST" name="driversetup" finished-at="2026-08-25T21:53:54 IST" duration-ms="8111" status="PASS">
          <params>
            <param index="0">
              <value>
                <![CDATA[Chrome]]>
              </value>
            </param>
            <param index="1">
              <value>
                <![CDATA[Linux]]>
              </value>
            </param>
          </params>
          <reporter-output>
          </reporter-output>
        </test-method> <!-- driversetup -->
        <test-method signature="registeration()[pri:0, instance:testCases.AccountRegisteration@622ef26a]" started-at="2026-08-25T21:53:54 IST" name="registeration" finished-at="2026-08-25T21:53:57 IST" duration-ms="3420" status="PASS">
          <reporter-output>
          </reporter-output>
        </test-method> <!-- registeration -->
        <test-method is-config="true" signature="closeDriver()[pri:0, instance:testCases.AccountRegisteration@622ef26a]" started-at="2026-08-25T21:53:57 IST" name="closeDriver" finished-at="2026-08-25T21:53:58 IST" duration-ms="580" status="PASS">
          <reporter-output>
          </reporter-output>
        </test-method> <!-- closeDriver -->
      </class> <!-- testCases.AccountRegisteration -->
    </test> <!-- Test -->
  </suite> <!-- Suite -->
</testng-results>
