<?xml version="1.0" encoding="UTF-8"?>
<!-- Generated by org.testng.reporters.JUnitReportReporter -->
<testsuite hostname="DESKTOP-N2D2BNA" failures="0" tests="6" name="testCases.LoginDataDrivenTest" time="60.235" errors="0" timestamp="2026-08-04T18:35:12 IST" skipped="0">
  <testcase classname="testCases.LoginDataDrivenTest" name="loginwithMultipledata" time="12.084"/>
  <testcase classname="testCases.LoginDataDrivenTest" name="loginwithMultipledata" time="11.716"/>
  <testcase classname="testCases.LoginDataDrivenTest" name="loginwithMultipledata" time="11.772"/>
  <testcase classname="testCases.LoginDataDrivenTest" name="loginwithMultipledata" time="11.888"/>
  <testcase classname="testCases.LoginDataDrivenTest" name="loginwithMultipledata" time="10.737"/>
  <testcase classname="testCases.LoginDataDrivenTest" name="loginwithMultipledata" time="2.038"/>
</testsuite> <!-- testCases.LoginDataDrivenTest -->
