<?xml version="1.0" encoding="UTF-8"?>
<!-- Generated by org.testng.reporters.JUnitReportReporter -->
<testsuite hostname="DESKTOP-N2D2BNA" failures="0" tests="6" name="testCases.LoginDataDrivenTest" time="59.307" errors="0" timestamp="2026-09-18T20:43:40 IST" skipped="0">
  <testcase classname="testCases.LoginDataDrivenTest" name="loginwithMultipledata" time="11.832"/>
  <testcase classname="testCases.LoginDataDrivenTest" name="loginwithMultipledata" time="2.519"/>
  <testcase classname="testCases.LoginDataDrivenTest" name="loginwithMultipledata" time="11.132"/>
  <testcase classname="testCases.LoginDataDrivenTest" name="loginwithMultipledata" time="10.971"/>
  <testcase classname="testCases.LoginDataDrivenTest" name="loginwithMultipledata" time="10.945"/>
  <testcase classname="testCases.LoginDataDrivenTest" name="loginwithMultipledata" time="11.908"/>
</testsuite> <!-- testCases.LoginDataDrivenTest -->
