<?xml version="1.0" encoding="UTF-8"?>
<!-- Generated by org.testng.reporters.JUnitReportReporter -->
<testsuite hostname="DESKTOP-N2D2BNA" failures="0" tests="6" name="testCases.LoginDataDrivenTest" time="83.757" errors="0" timestamp="2026-08-26T09:59:53 IST" skipped="0">
  <testcase classname="testCases.LoginDataDrivenTest" name="loginwithMultipledata" time="14.912"/>
  <testcase classname="testCases.LoginDataDrivenTest" name="loginwithMultipledata" time="12.686"/>
  <testcase classname="testCases.LoginDataDrivenTest" name="loginwithMultipledata" time="12.905"/>
  <testcase classname="testCases.LoginDataDrivenTest" name="loginwithMultipledata" time="4.098"/>
  <testcase classname="testCases.LoginDataDrivenTest" name="loginwithMultipledata" time="22.121"/>
  <testcase classname="testCases.LoginDataDrivenTest" name="loginwithMultipledata" time="17.035"/>
</testsuite> <!-- testCases.LoginDataDrivenTest -->
